<?xml version="1.0" encoding="UTF-8"?>
<!-- Generated by org.testng.reporters.JUnitXMLReporter -->
<testsuite hostname="Khosuzs-MBP.lan" ignored="0" name="Specific table data testing" tests="4" failures="0" timestamp="2021-01-31T17:49:18 EST" time="0.778" errors="0">
  <testcase name="customers_Table" time="0.571" classname="com.JDBC.ConnectionMySQL"/>
  <testcase name="order_Items_Table" time="0.05" classname="com.JDBC.ConnectionMySQL"/>
  <testcase name="products_Table" time="0.055" classname="com.JDBC.ConnectionMySQL"/>
  <testcase name="shipper_Table" time="0.042" classname="com.JDBC.ConnectionMySQL"/>
</testsuite> <!-- Specific table data testing -->
