<?xml version="1.0" encoding="UTF-8"?>
<!-- Generated by org.testng.reporters.JUnitXMLReporter -->
<testsuite hostname="Khosuzs-MBP.lan" ignored="0" name="Default test" tests="4" failures="0" timestamp="2021-01-30T19:58:48 EST" time="0.763" errors="0">
  <testcase name="customers_Table" time="0.558" classname="com.JDBC.ConnectionMySQL"/>
  <testcase name="order_Items_Table" time="0.068" classname="com.JDBC.ConnectionMySQL"/>
  <testcase name="products_Table" time="0.032" classname="com.JDBC.ConnectionMySQL"/>
  <testcase name="shipper_Table" time="0.043" classname="com.JDBC.ConnectionMySQL"/>
</testsuite> <!-- Default test -->
